<?xml version="1.0" encoding="UTF-8"?>
<!-- Generated by org.testng.reporters.JUnitReportReporter -->
<testsuite hostname="AmitSethi-PC" failures="0" tests="2" name="Package_1.SeleniumGrid_ParallelTest" time="1.146" errors="0" timestamp="13 Feb 2018 04:31:08 GMT">
  <testcase classname="Package_1.SeleniumGrid_ParallelTest" name="dropDown" time="0.676"/>
  <testcase classname="Package_1.SeleniumGrid_ParallelTest" name="radioButton" time="0.470"/>
</testsuite> <!-- Package_1.SeleniumGrid_ParallelTest -->
