<?xml version="1.0" encoding="UTF-8"?>
<!-- Generated by org.testng.reporters.JUnitReportReporter -->
<testsuite hostname="AmitSethi-PC" failures="0" tests="2" name="Package_1.SeleniumGrid_ParallelTest" time="1.614" errors="0" timestamp="25 Feb 2018 09:33:00 GMT">
  <testcase classname="Package_1.SeleniumGrid_ParallelTest" name="dropDown" time="1.058"/>
  <testcase classname="Package_1.SeleniumGrid_ParallelTest" name="radioButton" time="0.556"/>
</testsuite> <!-- Package_1.SeleniumGrid_ParallelTest -->
