<?xml version="1.0" encoding="UTF-8"?>
<!-- Generated by org.testng.reporters.JUnitReportReporter -->
<testsuite hostname="AmitSethi-PC" failures="0" tests="2" name="Package_1.SeleniumGrid_ParallelTest_2" time="2.466" errors="0" timestamp="25 Feb 2018 09:33:00 GMT">
  <testcase classname="Package_1.SeleniumGrid_ParallelTest_2" name="dropDown" time="1.694"/>
  <testcase classname="Package_1.SeleniumGrid_ParallelTest_2" name="radioButton" time="0.772"/>
</testsuite> <!-- Package_1.SeleniumGrid_ParallelTest_2 -->
